INFO: config {'data_dir': 'D:\\NLP-program\\text_sematic_matching_contest\\data\\Preliminary\\gaiic_track3_round1_train_20210228.tsv', 'task': 'TianChi', 'embed_dir': 'D:\\NLP-program\\text_sematic_matching_contest\\data\\vector', 'models_name': 'roberta', 'device': device(type='cpu'), 'requires_grad': True, 'class_list': [], 'num_labels': 2, 'train_num_examples': 0, 'dev_num_examples': 0, 'test_num_examples': 0, 'hidden_dropout_prob': 0.1, 'hidden_size': [512], 'num_train_epochs': 8, 'batch_size': 128, 'learning_rate': 2e-05, 'head_learning_rate': 0.001, 'weight_decay': 0.01, 'warmup_proportion': 0.1, 'k_fold': 5, 'multi_drop': 5, 'is_logging2file': True, 'logging_dir': 'D:\\NLP-program\\text_sematic_matching_contest\\data\\log\\roberta', 'load_save_model': False, 'save_path': ['D:\\NLP-program\\text_sematic_matching_contest\\data\\model_data'], 'save_file': ['roberta'], 'seed': 12345, 'loss_method': 'binary', 'diff_learning_rate': False, 'pattern': 'full_train', 'stop_word_valid': True, 'out_prob': True, 'n_gpu': 0, 'vocab_size': None, 'data_enhance': True, 'embeding_size': 128, 'max_grad_norm': 1}
INFO: collecting all words and their counts
INFO: PROGRESS: at sentence #0, processed 0 words, keeping 0 word types
INFO: PROGRESS: at sentence #10000, processed 124372 words, keeping 4284 word types
INFO: PROGRESS: at sentence #20000, processed 249442 words, keeping 6036 word types
INFO: PROGRESS: at sentence #30000, processed 374232 words, keeping 7408 word types
INFO: PROGRESS: at sentence #40000, processed 499034 words, keeping 8447 word types
INFO: PROGRESS: at sentence #50000, processed 623952 words, keeping 9322 word types
INFO: PROGRESS: at sentence #60000, processed 753640 words, keeping 10367 word types
INFO: PROGRESS: at sentence #70000, processed 883598 words, keeping 11241 word types
INFO: PROGRESS: at sentence #80000, processed 1013746 words, keeping 12032 word types
INFO: PROGRESS: at sentence #90000, processed 1143064 words, keeping 12789 word types
INFO: PROGRESS: at sentence #100000, processed 1272166 words, keeping 13465 word types
INFO: PROGRESS: at sentence #110000, processed 1400628 words, keeping 14124 word types
INFO: PROGRESS: at sentence #120000, processed 1530414 words, keeping 14777 word types
INFO: PROGRESS: at sentence #130000, processed 1659730 words, keeping 15372 word types
INFO: PROGRESS: at sentence #140000, processed 1789452 words, keeping 15882 word types
INFO: PROGRESS: at sentence #150000, processed 1919518 words, keeping 16395 word types
INFO: PROGRESS: at sentence #160000, processed 2049194 words, keeping 16863 word types
INFO: PROGRESS: at sentence #170000, processed 2179062 words, keeping 17321 word types
INFO: PROGRESS: at sentence #180000, processed 2308154 words, keeping 17721 word types
INFO: PROGRESS: at sentence #190000, processed 2437254 words, keeping 18176 word types
INFO: PROGRESS: at sentence #200000, processed 2566146 words, keeping 18575 word types
INFO: PROGRESS: at sentence #210000, processed 2695504 words, keeping 19011 word types
INFO: PROGRESS: at sentence #220000, processed 2825532 words, keeping 19419 word types
INFO: PROGRESS: at sentence #230000, processed 2956184 words, keeping 19841 word types
INFO: PROGRESS: at sentence #240000, processed 3085444 words, keeping 20220 word types
INFO: collected 20600 word types from a corpus of 3214634 raw words and 250000 sentences
INFO: Loading a fresh vocabulary
INFO: effective_min_count=1 retains 20600 unique words (100% of original 20600, drops 0)
INFO: effective_min_count=1 leaves 3214634 word corpus (100% of original 3214634, drops 0)
INFO: deleting the raw counts dictionary of 20600 items
INFO: sample=0.001 downsamples 61 most-common words
INFO: downsampling leaves estimated 2375048 word corpus (73.9% of prior 3214634)
INFO: estimated required memory for 20600 words and 128 dimensions: 31394400 bytes
INFO: resetting layer weights
INFO: training model with 32 workers on 20600 vocabulary and 128 features, using sg=1 hs=0 sample=0.001 negative=5 window=4
INFO: EPOCH 1 - PROGRESS: at 24.19% examples, 545725 words/s, in_qsize 62, out_qsize 1
INFO: EPOCH 1 - PROGRESS: at 55.05% examples, 640073 words/s, in_qsize 62, out_qsize 1
INFO: EPOCH 1 - PROGRESS: at 87.47% examples, 668129 words/s, in_qsize 38, out_qsize 3
INFO: worker thread finished; awaiting finish of 31 more threads
INFO: worker thread finished; awaiting finish of 30 more threads
INFO: worker thread finished; awaiting finish of 29 more threads
INFO: worker thread finished; awaiting finish of 28 more threads
INFO: worker thread finished; awaiting finish of 27 more threads
INFO: worker thread finished; awaiting finish of 26 more threads
INFO: worker thread finished; awaiting finish of 25 more threads
INFO: worker thread finished; awaiting finish of 24 more threads
INFO: worker thread finished; awaiting finish of 23 more threads
INFO: worker thread finished; awaiting finish of 22 more threads
INFO: worker thread finished; awaiting finish of 21 more threads
INFO: worker thread finished; awaiting finish of 20 more threads
INFO: worker thread finished; awaiting finish of 19 more threads
INFO: worker thread finished; awaiting finish of 18 more threads
INFO: worker thread finished; awaiting finish of 17 more threads
INFO: worker thread finished; awaiting finish of 16 more threads
INFO: worker thread finished; awaiting finish of 15 more threads
INFO: worker thread finished; awaiting finish of 14 more threads
INFO: worker thread finished; awaiting finish of 13 more threads
INFO: worker thread finished; awaiting finish of 12 more threads
INFO: worker thread finished; awaiting finish of 11 more threads
INFO: worker thread finished; awaiting finish of 10 more threads
INFO: worker thread finished; awaiting finish of 9 more threads
INFO: worker thread finished; awaiting finish of 8 more threads
INFO: worker thread finished; awaiting finish of 7 more threads
INFO: worker thread finished; awaiting finish of 6 more threads
INFO: worker thread finished; awaiting finish of 5 more threads
INFO: worker thread finished; awaiting finish of 4 more threads
INFO: worker thread finished; awaiting finish of 3 more threads
INFO: worker thread finished; awaiting finish of 2 more threads
INFO: worker thread finished; awaiting finish of 1 more threads
INFO: worker thread finished; awaiting finish of 0 more threads
INFO: EPOCH - 1 : training on 3214634 raw words (2374212 effective words) took 3.2s, 730569 effective words/s
INFO: EPOCH 2 - PROGRESS: at 23.56% examples, 518837 words/s, in_qsize 63, out_qsize 0
INFO: EPOCH 2 - PROGRESS: at 54.43% examples, 621701 words/s, in_qsize 63, out_qsize 0
INFO: EPOCH 2 - PROGRESS: at 90.22% examples, 696022 words/s, in_qsize 32, out_qsize 0
INFO: worker thread finished; awaiting finish of 31 more threads
INFO: worker thread finished; awaiting finish of 30 more threads
INFO: worker thread finished; awaiting finish of 29 more threads
INFO: worker thread finished; awaiting finish of 28 more threads
INFO: worker thread finished; awaiting finish of 27 more threads
INFO: worker thread finished; awaiting finish of 26 more threads
INFO: worker thread finished; awaiting finish of 25 more threads
INFO: worker thread finished; awaiting finish of 24 more threads
INFO: worker thread finished; awaiting finish of 23 more threads
INFO: worker thread finished; awaiting finish of 22 more threads
INFO: worker thread finished; awaiting finish of 21 more threads
INFO: worker thread finished; awaiting finish of 20 more threads
INFO: worker thread finished; awaiting finish of 19 more threads
INFO: worker thread finished; awaiting finish of 18 more threads
INFO: worker thread finished; awaiting finish of 17 more threads
INFO: worker thread finished; awaiting finish of 16 more threads
INFO: worker thread finished; awaiting finish of 15 more threads
INFO: worker thread finished; awaiting finish of 14 more threads
INFO: worker thread finished; awaiting finish of 13 more threads
INFO: worker thread finished; awaiting finish of 12 more threads
INFO: worker thread finished; awaiting finish of 11 more threads
INFO: worker thread finished; awaiting finish of 10 more threads
INFO: worker thread finished; awaiting finish of 9 more threads
INFO: worker thread finished; awaiting finish of 8 more threads
INFO: worker thread finished; awaiting finish of 7 more threads
INFO: worker thread finished; awaiting finish of 6 more threads
INFO: worker thread finished; awaiting finish of 5 more threads
INFO: worker thread finished; awaiting finish of 4 more threads
INFO: worker thread finished; awaiting finish of 3 more threads
INFO: worker thread finished; awaiting finish of 2 more threads
INFO: worker thread finished; awaiting finish of 1 more threads
INFO: worker thread finished; awaiting finish of 0 more threads
INFO: EPOCH - 2 : training on 3214634 raw words (2374630 effective words) took 3.3s, 718600 effective words/s
INFO: EPOCH 3 - PROGRESS: at 21.99% examples, 479861 words/s, in_qsize 64, out_qsize 0
INFO: EPOCH 3 - PROGRESS: at 48.27% examples, 552241 words/s, in_qsize 59, out_qsize 2
INFO: EPOCH 3 - PROGRESS: at 73.87% examples, 552997 words/s, in_qsize 61, out_qsize 2
INFO: worker thread finished; awaiting finish of 31 more threads
INFO: worker thread finished; awaiting finish of 30 more threads
INFO: worker thread finished; awaiting finish of 29 more threads
INFO: worker thread finished; awaiting finish of 28 more threads
INFO: worker thread finished; awaiting finish of 27 more threads
INFO: worker thread finished; awaiting finish of 26 more threads
INFO: worker thread finished; awaiting finish of 25 more threads
INFO: worker thread finished; awaiting finish of 24 more threads
INFO: worker thread finished; awaiting finish of 23 more threads
INFO: worker thread finished; awaiting finish of 22 more threads
INFO: worker thread finished; awaiting finish of 21 more threads
INFO: worker thread finished; awaiting finish of 20 more threads
INFO: worker thread finished; awaiting finish of 19 more threads
INFO: worker thread finished; awaiting finish of 18 more threads
INFO: worker thread finished; awaiting finish of 17 more threads
INFO: worker thread finished; awaiting finish of 16 more threads
INFO: worker thread finished; awaiting finish of 15 more threads
INFO: worker thread finished; awaiting finish of 14 more threads
INFO: worker thread finished; awaiting finish of 13 more threads
INFO: worker thread finished; awaiting finish of 12 more threads
INFO: worker thread finished; awaiting finish of 11 more threads
INFO: worker thread finished; awaiting finish of 10 more threads
INFO: worker thread finished; awaiting finish of 9 more threads
INFO: worker thread finished; awaiting finish of 8 more threads
INFO: worker thread finished; awaiting finish of 7 more threads
INFO: worker thread finished; awaiting finish of 6 more threads
INFO: worker thread finished; awaiting finish of 5 more threads
INFO: worker thread finished; awaiting finish of 4 more threads
INFO: worker thread finished; awaiting finish of 3 more threads
INFO: worker thread finished; awaiting finish of 2 more threads
INFO: worker thread finished; awaiting finish of 1 more threads
INFO: worker thread finished; awaiting finish of 0 more threads
INFO: EPOCH - 3 : training on 3214634 raw words (2375586 effective words) took 3.8s, 630786 effective words/s
INFO: EPOCH 4 - PROGRESS: at 20.09% examples, 455866 words/s, in_qsize 60, out_qsize 3
INFO: EPOCH 4 - PROGRESS: at 49.80% examples, 578073 words/s, in_qsize 64, out_qsize 1
INFO: EPOCH 4 - PROGRESS: at 80.08% examples, 621759 words/s, in_qsize 62, out_qsize 1
INFO: worker thread finished; awaiting finish of 31 more threads
INFO: worker thread finished; awaiting finish of 30 more threads
INFO: worker thread finished; awaiting finish of 29 more threads
INFO: worker thread finished; awaiting finish of 28 more threads
INFO: worker thread finished; awaiting finish of 27 more threads
INFO: worker thread finished; awaiting finish of 26 more threads
INFO: worker thread finished; awaiting finish of 25 more threads
INFO: worker thread finished; awaiting finish of 24 more threads
INFO: worker thread finished; awaiting finish of 23 more threads
INFO: worker thread finished; awaiting finish of 22 more threads
INFO: worker thread finished; awaiting finish of 21 more threads
INFO: worker thread finished; awaiting finish of 20 more threads
INFO: worker thread finished; awaiting finish of 19 more threads
INFO: worker thread finished; awaiting finish of 18 more threads
INFO: worker thread finished; awaiting finish of 17 more threads
INFO: worker thread finished; awaiting finish of 16 more threads
INFO: worker thread finished; awaiting finish of 15 more threads
INFO: worker thread finished; awaiting finish of 14 more threads
INFO: worker thread finished; awaiting finish of 13 more threads
INFO: worker thread finished; awaiting finish of 12 more threads
INFO: worker thread finished; awaiting finish of 11 more threads
INFO: worker thread finished; awaiting finish of 10 more threads
INFO: worker thread finished; awaiting finish of 9 more threads
INFO: worker thread finished; awaiting finish of 8 more threads
INFO: worker thread finished; awaiting finish of 7 more threads
INFO: worker thread finished; awaiting finish of 6 more threads
INFO: worker thread finished; awaiting finish of 5 more threads
INFO: worker thread finished; awaiting finish of 4 more threads
INFO: worker thread finished; awaiting finish of 3 more threads
INFO: worker thread finished; awaiting finish of 2 more threads
INFO: worker thread finished; awaiting finish of 1 more threads
INFO: worker thread finished; awaiting finish of 0 more threads
INFO: EPOCH - 4 : training on 3214634 raw words (2374751 effective words) took 3.5s, 669822 effective words/s
INFO: EPOCH 5 - PROGRESS: at 22.33% examples, 496590 words/s, in_qsize 63, out_qsize 0
INFO: EPOCH 5 - PROGRESS: at 52.59% examples, 609485 words/s, in_qsize 64, out_qsize 1
INFO: EPOCH 5 - PROGRESS: at 76.65% examples, 594439 words/s, in_qsize 64, out_qsize 0
INFO: worker thread finished; awaiting finish of 31 more threads
INFO: worker thread finished; awaiting finish of 30 more threads
INFO: worker thread finished; awaiting finish of 29 more threads
INFO: worker thread finished; awaiting finish of 28 more threads
INFO: worker thread finished; awaiting finish of 27 more threads
INFO: worker thread finished; awaiting finish of 26 more threads
INFO: worker thread finished; awaiting finish of 25 more threads
INFO: worker thread finished; awaiting finish of 24 more threads
INFO: worker thread finished; awaiting finish of 23 more threads
INFO: worker thread finished; awaiting finish of 22 more threads
INFO: worker thread finished; awaiting finish of 21 more threads
INFO: worker thread finished; awaiting finish of 20 more threads
INFO: worker thread finished; awaiting finish of 19 more threads
INFO: worker thread finished; awaiting finish of 18 more threads
INFO: worker thread finished; awaiting finish of 17 more threads
INFO: worker thread finished; awaiting finish of 16 more threads
INFO: worker thread finished; awaiting finish of 15 more threads
INFO: worker thread finished; awaiting finish of 14 more threads
INFO: worker thread finished; awaiting finish of 13 more threads
INFO: worker thread finished; awaiting finish of 12 more threads
INFO: worker thread finished; awaiting finish of 11 more threads
INFO: worker thread finished; awaiting finish of 10 more threads
INFO: worker thread finished; awaiting finish of 9 more threads
INFO: worker thread finished; awaiting finish of 8 more threads
INFO: worker thread finished; awaiting finish of 7 more threads
INFO: worker thread finished; awaiting finish of 6 more threads
INFO: worker thread finished; awaiting finish of 5 more threads
INFO: worker thread finished; awaiting finish of 4 more threads
INFO: worker thread finished; awaiting finish of 3 more threads
INFO: worker thread finished; awaiting finish of 2 more threads
INFO: worker thread finished; awaiting finish of 1 more threads
INFO: worker thread finished; awaiting finish of 0 more threads
INFO: EPOCH - 5 : training on 3214634 raw words (2375257 effective words) took 3.7s, 641953 effective words/s
INFO: EPOCH 6 - PROGRESS: at 21.09% examples, 454321 words/s, in_qsize 63, out_qsize 0
INFO: EPOCH 6 - PROGRESS: at 51.98% examples, 590507 words/s, in_qsize 63, out_qsize 0
INFO: EPOCH 6 - PROGRESS: at 84.08% examples, 647735 words/s, in_qsize 51, out_qsize 1
INFO: worker thread finished; awaiting finish of 31 more threads
INFO: worker thread finished; awaiting finish of 30 more threads
INFO: worker thread finished; awaiting finish of 29 more threads
INFO: worker thread finished; awaiting finish of 28 more threads
INFO: worker thread finished; awaiting finish of 27 more threads
INFO: worker thread finished; awaiting finish of 26 more threads
INFO: worker thread finished; awaiting finish of 25 more threads
INFO: worker thread finished; awaiting finish of 24 more threads
INFO: worker thread finished; awaiting finish of 23 more threads
INFO: worker thread finished; awaiting finish of 22 more threads
INFO: worker thread finished; awaiting finish of 21 more threads
INFO: worker thread finished; awaiting finish of 20 more threads
INFO: worker thread finished; awaiting finish of 19 more threads
INFO: worker thread finished; awaiting finish of 18 more threads
INFO: worker thread finished; awaiting finish of 17 more threads
INFO: worker thread finished; awaiting finish of 16 more threads
INFO: worker thread finished; awaiting finish of 15 more threads
INFO: worker thread finished; awaiting finish of 14 more threads
INFO: worker thread finished; awaiting finish of 13 more threads
INFO: worker thread finished; awaiting finish of 12 more threads
INFO: worker thread finished; awaiting finish of 11 more threads
INFO: worker thread finished; awaiting finish of 10 more threads
INFO: worker thread finished; awaiting finish of 9 more threads
INFO: worker thread finished; awaiting finish of 8 more threads
INFO: worker thread finished; awaiting finish of 7 more threads
INFO: worker thread finished; awaiting finish of 6 more threads
INFO: worker thread finished; awaiting finish of 5 more threads
INFO: worker thread finished; awaiting finish of 4 more threads
INFO: worker thread finished; awaiting finish of 3 more threads
INFO: worker thread finished; awaiting finish of 2 more threads
INFO: worker thread finished; awaiting finish of 1 more threads
INFO: worker thread finished; awaiting finish of 0 more threads
INFO: EPOCH - 6 : training on 3214634 raw words (2375791 effective words) took 3.5s, 679143 effective words/s
INFO: EPOCH 7 - PROGRESS: at 22.02% examples, 462205 words/s, in_qsize 63, out_qsize 0
INFO: EPOCH 7 - PROGRESS: at 52.26% examples, 589032 words/s, in_qsize 63, out_qsize 0
INFO: EPOCH 7 - PROGRESS: at 84.69% examples, 644400 words/s, in_qsize 50, out_qsize 0
INFO: worker thread finished; awaiting finish of 31 more threads
INFO: worker thread finished; awaiting finish of 30 more threads
INFO: worker thread finished; awaiting finish of 29 more threads
INFO: worker thread finished; awaiting finish of 28 more threads
INFO: worker thread finished; awaiting finish of 27 more threads
INFO: worker thread finished; awaiting finish of 26 more threads
INFO: worker thread finished; awaiting finish of 25 more threads
INFO: worker thread finished; awaiting finish of 24 more threads
INFO: worker thread finished; awaiting finish of 23 more threads
INFO: worker thread finished; awaiting finish of 22 more threads
INFO: worker thread finished; awaiting finish of 21 more threads
INFO: worker thread finished; awaiting finish of 20 more threads
INFO: worker thread finished; awaiting finish of 19 more threads
INFO: worker thread finished; awaiting finish of 18 more threads
INFO: worker thread finished; awaiting finish of 17 more threads
INFO: worker thread finished; awaiting finish of 16 more threads
INFO: worker thread finished; awaiting finish of 15 more threads
INFO: worker thread finished; awaiting finish of 14 more threads
INFO: worker thread finished; awaiting finish of 13 more threads
INFO: worker thread finished; awaiting finish of 12 more threads
INFO: worker thread finished; awaiting finish of 11 more threads
INFO: worker thread finished; awaiting finish of 10 more threads
INFO: worker thread finished; awaiting finish of 9 more threads
INFO: worker thread finished; awaiting finish of 8 more threads
INFO: worker thread finished; awaiting finish of 7 more threads
INFO: worker thread finished; awaiting finish of 6 more threads
INFO: worker thread finished; awaiting finish of 5 more threads
INFO: worker thread finished; awaiting finish of 4 more threads
INFO: worker thread finished; awaiting finish of 3 more threads
INFO: worker thread finished; awaiting finish of 2 more threads
INFO: worker thread finished; awaiting finish of 1 more threads
INFO: worker thread finished; awaiting finish of 0 more threads
INFO: EPOCH - 7 : training on 3214634 raw words (2374712 effective words) took 3.5s, 676050 effective words/s
INFO: EPOCH 8 - PROGRESS: at 19.49% examples, 431097 words/s, in_qsize 63, out_qsize 1
INFO: EPOCH 8 - PROGRESS: at 48.25% examples, 547583 words/s, in_qsize 64, out_qsize 0
INFO: EPOCH 8 - PROGRESS: at 74.50% examples, 564831 words/s, in_qsize 62, out_qsize 1
INFO: worker thread finished; awaiting finish of 31 more threads
INFO: worker thread finished; awaiting finish of 30 more threads
INFO: worker thread finished; awaiting finish of 29 more threads
INFO: worker thread finished; awaiting finish of 28 more threads
INFO: worker thread finished; awaiting finish of 27 more threads
INFO: worker thread finished; awaiting finish of 26 more threads
INFO: worker thread finished; awaiting finish of 25 more threads
INFO: worker thread finished; awaiting finish of 24 more threads
INFO: worker thread finished; awaiting finish of 23 more threads
INFO: worker thread finished; awaiting finish of 22 more threads
INFO: worker thread finished; awaiting finish of 21 more threads
INFO: worker thread finished; awaiting finish of 20 more threads
INFO: worker thread finished; awaiting finish of 19 more threads
INFO: worker thread finished; awaiting finish of 18 more threads
INFO: worker thread finished; awaiting finish of 17 more threads
INFO: worker thread finished; awaiting finish of 16 more threads
INFO: worker thread finished; awaiting finish of 15 more threads
INFO: worker thread finished; awaiting finish of 14 more threads
INFO: worker thread finished; awaiting finish of 13 more threads
INFO: worker thread finished; awaiting finish of 12 more threads
INFO: worker thread finished; awaiting finish of 11 more threads
INFO: worker thread finished; awaiting finish of 10 more threads
INFO: worker thread finished; awaiting finish of 9 more threads
INFO: worker thread finished; awaiting finish of 8 more threads
INFO: worker thread finished; awaiting finish of 7 more threads
INFO: worker thread finished; awaiting finish of 6 more threads
INFO: worker thread finished; awaiting finish of 5 more threads
INFO: worker thread finished; awaiting finish of 4 more threads
INFO: worker thread finished; awaiting finish of 3 more threads
INFO: worker thread finished; awaiting finish of 2 more threads
INFO: worker thread finished; awaiting finish of 1 more threads
INFO: worker thread finished; awaiting finish of 0 more threads
INFO: EPOCH - 8 : training on 3214634 raw words (2375662 effective words) took 3.8s, 619152 effective words/s
INFO: EPOCH 9 - PROGRESS: at 19.83% examples, 441568 words/s, in_qsize 62, out_qsize 2
INFO: EPOCH 9 - PROGRESS: at 45.51% examples, 525481 words/s, in_qsize 63, out_qsize 0
INFO: EPOCH 9 - PROGRESS: at 73.87% examples, 570715 words/s, in_qsize 63, out_qsize 0
INFO: worker thread finished; awaiting finish of 31 more threads
INFO: worker thread finished; awaiting finish of 30 more threads
INFO: worker thread finished; awaiting finish of 29 more threads
INFO: worker thread finished; awaiting finish of 28 more threads
INFO: worker thread finished; awaiting finish of 27 more threads
INFO: worker thread finished; awaiting finish of 26 more threads
INFO: worker thread finished; awaiting finish of 25 more threads
INFO: worker thread finished; awaiting finish of 24 more threads
INFO: worker thread finished; awaiting finish of 23 more threads
INFO: worker thread finished; awaiting finish of 22 more threads
INFO: worker thread finished; awaiting finish of 21 more threads
INFO: worker thread finished; awaiting finish of 20 more threads
INFO: worker thread finished; awaiting finish of 19 more threads
INFO: worker thread finished; awaiting finish of 18 more threads
INFO: worker thread finished; awaiting finish of 17 more threads
INFO: worker thread finished; awaiting finish of 16 more threads
INFO: worker thread finished; awaiting finish of 15 more threads
INFO: worker thread finished; awaiting finish of 14 more threads
INFO: worker thread finished; awaiting finish of 13 more threads
INFO: worker thread finished; awaiting finish of 12 more threads
INFO: worker thread finished; awaiting finish of 11 more threads
INFO: worker thread finished; awaiting finish of 10 more threads
INFO: worker thread finished; awaiting finish of 9 more threads
INFO: worker thread finished; awaiting finish of 8 more threads
INFO: worker thread finished; awaiting finish of 7 more threads
INFO: worker thread finished; awaiting finish of 6 more threads
INFO: worker thread finished; awaiting finish of 5 more threads
INFO: worker thread finished; awaiting finish of 4 more threads
INFO: worker thread finished; awaiting finish of 3 more threads
INFO: worker thread finished; awaiting finish of 2 more threads
INFO: worker thread finished; awaiting finish of 1 more threads
INFO: worker thread finished; awaiting finish of 0 more threads
INFO: EPOCH - 9 : training on 3214634 raw words (2375013 effective words) took 3.8s, 627869 effective words/s
INFO: EPOCH 10 - PROGRESS: at 20.76% examples, 461657 words/s, in_qsize 56, out_qsize 0
INFO: EPOCH 10 - PROGRESS: at 47.04% examples, 542870 words/s, in_qsize 60, out_qsize 2
INFO: EPOCH 10 - PROGRESS: at 72.63% examples, 561186 words/s, in_qsize 63, out_qsize 0
INFO: worker thread finished; awaiting finish of 31 more threads
INFO: worker thread finished; awaiting finish of 30 more threads
INFO: worker thread finished; awaiting finish of 29 more threads
INFO: worker thread finished; awaiting finish of 28 more threads
INFO: worker thread finished; awaiting finish of 27 more threads
INFO: worker thread finished; awaiting finish of 26 more threads
INFO: worker thread finished; awaiting finish of 25 more threads
INFO: worker thread finished; awaiting finish of 24 more threads
INFO: worker thread finished; awaiting finish of 23 more threads
INFO: worker thread finished; awaiting finish of 22 more threads
INFO: worker thread finished; awaiting finish of 21 more threads
INFO: worker thread finished; awaiting finish of 20 more threads
INFO: worker thread finished; awaiting finish of 19 more threads
INFO: worker thread finished; awaiting finish of 18 more threads
INFO: worker thread finished; awaiting finish of 17 more threads
INFO: worker thread finished; awaiting finish of 16 more threads
INFO: worker thread finished; awaiting finish of 15 more threads
INFO: worker thread finished; awaiting finish of 14 more threads
INFO: worker thread finished; awaiting finish of 13 more threads
INFO: worker thread finished; awaiting finish of 12 more threads
INFO: worker thread finished; awaiting finish of 11 more threads
INFO: worker thread finished; awaiting finish of 10 more threads
INFO: worker thread finished; awaiting finish of 9 more threads
INFO: worker thread finished; awaiting finish of 8 more threads
INFO: worker thread finished; awaiting finish of 7 more threads
INFO: worker thread finished; awaiting finish of 6 more threads
INFO: worker thread finished; awaiting finish of 5 more threads
INFO: worker thread finished; awaiting finish of 4 more threads
INFO: worker thread finished; awaiting finish of 3 more threads
INFO: worker thread finished; awaiting finish of 2 more threads
INFO: worker thread finished; awaiting finish of 1 more threads
INFO: worker thread finished; awaiting finish of 0 more threads
INFO: EPOCH - 10 : training on 3214634 raw words (2375486 effective words) took 3.8s, 620485 effective words/s
INFO: training on a 32146340 raw words (23751100 effective words) took 36.3s, 654202 effective words/s
